info:  Server listening on port 8080
info:  Server listening on port 8080
fatal: Prueba de log level fatal!
error: Prueba de log level error!
warning: Prueba de log level warning!
http: Prueba de log level http!
info: Prueba de log level info!
debug: Prueba de log level debug!
fatal: Prueba de log level fatal!
error: Prueba de log level error!
warning: Prueba de log level warning!
http: Prueba de log level http!
info: Prueba de log level info!
debug: Prueba de log level debug!
info:  Server listening on port 8080
info: Conectado con éxito a MongoDB
fatal: Prueba de log level fatal!
fatal: Prueba de log level fatal!
info:  Server listening on port 8080
info: Conectado con éxito a MongoDB
fatal: Prueba de log level fatal!
error: Prueba de log level error!
warning: Prueba de log level warning!
http: Prueba de log level http!
info: Prueba de log level info!
debug: Prueba de log level debug!
info:  Server listening on port 8080
info: Conectado con éxito a MongoDB
info:  Server listening on port 8080
info: Conectado con éxito a MongoDB
info:  Server listening on port 8080
info: Conectado con éxito a MongoDB
info:  Server listening on port 8080
info: Conectado con éxito a MongoDB
info:  Server listening on port 8080
info: Conectado con éxito a MongoDB
info:  Server listening on port 8080
info: Conectado con éxito a MongoDB
info: Manejando lógica de usuarios premium para el usuario con ID: undefined
info:  Server listening on port 8080
info: Conectado con éxito a MongoDB
info: Manejando lógica de usuarios premium para el usuario con ID: undefined
info:  Server listening on port 8080
info: Conectado con éxito a MongoDB
info:  Server listening on port 8080
info: Conectado con éxito a MongoDB
info: Manejando lógica de usuarios premium para el usuario con ID: undefined
info:  Server listening on port 8080
info: Conectado con éxito a MongoDB
info:  Server listening on port 8080
info: Conectado con éxito a MongoDB
info:  Server listening on port 8080
info: Conectado con éxito a MongoDB
info:  Server listening on port 8080
info: Conectado con éxito a MongoDB
info:  Server listening on port 8080
info: Conectado con éxito a MongoDB
info: Manejando lógica de usuarios premium para el usuario con ID: 66a4164014352e6b4445de82
info: Manejando lógica de usuarios premium para el usuario con ID: 66a4164014352e6b4445de82
info:  Server listening on port 8080
info: Conectado con éxito a MongoDB
info: Manejando lógica de usuarios premium para el usuario con ID: 66a441b8344430caba5486a5
info:  Server listening on port 8080
info: Conectado con éxito a MongoDB
info: Manejando lógica de usuarios premium para el usuario con ID: 66a441b8344430caba5486a5
info:  Server listening on port 8080
info: Conectado con éxito a MongoDB
info: Manejando lógica de usuarios premium para el usuario con ID: 66a441b8344430caba5486a5
info:  Server listening on port 8080
info: Conectado con éxito a MongoDB
info: Manejando lógica de usuarios premium para el usuario con ID: 66a441b8344430caba5486a5
info: Manejando lógica de usuarios premium para el usuario con ID: 66a441b8344430caba5486a5
info:  Server listening on port 8080
info: Manejando lógica de usuarios premium para el usuario con ID: 66a441b8344430caba5486a5
fatal: undefined {"code":"ESERVFAIL","hostname":"_mongodb._tcp.cluster0.5vtpnzz.mongodb.net","syscall":"querySrv"}
info:  Server listening on port 8080
info: Conectado con éxito a MongoDB
info: Manejando lógica de usuarios premium para el usuario con ID: 66a441b8344430caba5486a5
info:  Server listening on port 8080
info: Conectado con éxito a MongoDB
info: Manejando lógica de usuarios premium para el usuario con ID: 66a441b8344430caba5486a5
info: Usuario actualizado a rol: premium
info: Manejando lógica de usuarios premium para el usuario con ID: 66a441b8344430caba5486a5
info:  Server listening on port 8080
info: Conectado con éxito a MongoDB
info: Manejando lógica de usuarios premium para el usuario con ID: 66a441b8344430caba5486a5
info: Manejando lógica de usuarios premium para el usuario con ID: 66a441b8344430caba5486a5
info: Manejando lógica de usuarios premium para el usuario con ID: 66a441b8344430caba5486a5
info:  Server listening on port 8080
info: Conectado con éxito a MongoDB
info:  Server listening on port 8080
info: Conectado con éxito a MongoDB
info:  Server listening on port 8080
info: Conectado con éxito a MongoDB
info:  Server listening on port 8080
info: Conectado con éxito a MongoDB
info:  Server listening on port 8080
info: Conectado con éxito a MongoDB
info:  Server listening on port 8080
info: Conectado con éxito a MongoDB
info:  Server listening on port 8080
info: Conectado con éxito a MongoDB
info:  Server listening on port 8080
info: Conectado con éxito a MongoDB
info:  Server listening on port 8080
info: Conectado con éxito a MongoDB
info:  Server listening on port 8080
info: Conectado con éxito a MongoDB
error: undefined
info:  Server listening on port 8080
info: Conectado con éxito a MongoDB
error: undefined
error: undefined
error: undefined
error: undefined
error: undefined
error: undefined
info:  Server listening on port 8080
info: Conectado con éxito a MongoDB
error: undefined
error: undefined
info:  Server listening on port 8080
info: Conectado con éxito a MongoDB
error: undefined
info:  Server listening on port 8080
info: Conectado con éxito a MongoDB
error: undefined
error: undefined
info:  Server listening on port 8080
info: Conectado con éxito a MongoDB
error: undefined
info:  Server listening on port 8080
info: Conectado con éxito a MongoDB
info:  Server listening on port 8080
info: Conectado con éxito a MongoDB
error: undefined
info:  Server listening on port 8080
info: Conectado con éxito a MongoDB
info:  Server listening on port 8080
info: Conectado con éxito a MongoDB
